# JRE version: OpenJDK Runtime Environment Microsoft-40648 (11.0.16.1+1) (build 11.0.16.1+1-LTS)
# Java VM: OpenJDK 64-Bit Server VM Microsoft-40648 (11.0.16.1+1-LTS, mixed mode, tiered, compressed oops, g1 gc, windows-amd64)
Heap:
 garbage-first heap   total 152576K, used 23804K [0x0000000084200000, 0x0000000100000000)
  region size 1024K, 5 young (5120K), 5 survivors (5120K)
 Metaspace       used 43413K, capacity 43879K, committed 43984K, reserved 1087488K
  class space    used 5111K, capacity 5292K, committed 5372K, reserved 1048576K
GC Heap History (9 events):
Event: 0.959 GC heap before
{Heap before GC invocations=0 (full 0):
 garbage-first heap   total 126976K, used 27648K [0x0000000084200000, 0x0000000100000000)
  region size 1024K, 24 young (24576K), 0 survivors (0K)
 Metaspace       used 12393K, capacity 12504K, committed 12800K, reserved 1060864K
  class space    used 1150K, capacity 1207K, committed 1280K, reserved 1048576K
}
Event: 0.971 GC heap after
{Heap after GC invocations=1 (full 0):
 garbage-first heap   total 126976K, used 5807K [0x0000000084200000, 0x0000000100000000)
  region size 1024K, 3 young (3072K), 3 survivors (3072K)
 Metaspace       used 12393K, capacity 12504K, committed 12800K, reserved 1060864K
  class space    used 1150K, capacity 1207K, committed 1280K, reserved 1048576K
}
Event: 2.100 GC heap before
{Heap before GC invocations=1 (full 0):
 garbage-first heap   total 126976K, used 41647K [0x0000000084200000, 0x0000000100000000)
  region size 1024K, 39 young (39936K), 3 survivors (3072K)
 Metaspace       used 20998K, capacity 21179K, committed 21248K, reserved 1069056K
  class space    used 2211K, capacity 2280K, committed 2304K, reserved 1048576K
}
Event: 2.115 GC heap after
{Heap after GC invocations=2 (full 0):
 garbage-first heap   total 126976K, used 9578K [0x0000000084200000, 0x0000000100000000)
  region size 1024K, 7 young (7168K), 7 survivors (7168K)
 Metaspace       used 20998K, capacity 21179K, committed 21248K, reserved 1069056K
  class space    used 2211K, capacity 2280K, committed 2304K, reserved 1048576K
}
Event: 3.438 GC heap before
{Heap before GC invocations=3 (full 0):
 garbage-first heap   total 126976K, used 62826K [0x0000000084200000, 0x0000000100000000)
  region size 1024K, 54 young (55296K), 7 survivors (7168K)
 Metaspace       used 32122K, capacity 32574K, committed 32892K, reserved 1077248K
  class space    used 3970K, capacity 4150K, committed 4220K, reserved 1048576K
}
Event: 3.463 GC heap after
{Heap after GC invocations=4 (full 0):
 garbage-first heap   total 126976K, used 20372K [0x0000000084200000, 0x0000000100000000)
  region size 1024K, 7 young (7168K), 7 survivors (7168K)
 Metaspace       used 32122K, capacity 32574K, committed 32892K, reserved 1077248K
  class space    used 3970K, capacity 4150K, committed 4220K, reserved 1048576K
}
Event: 3.758 GC heap before
{Heap before GC invocations=4 (full 0):
 garbage-first heap   total 126976K, used 35732K [0x0000000084200000, 0x0000000100000000)
  region size 1024K, 23 young (23552K), 7 survivors (7168K)
 Metaspace       used 35457K, capacity 35913K, committed 36048K, reserved 1081344K
  class space    used 4343K, capacity 4538K, committed 4604K, reserved 1048576K
}
Event: 3.773 GC heap after
{Heap after GC invocations=5 (full 0):
 garbage-first heap   total 126976K, used 20486K [0x0000000084200000, 0x0000000100000000)
  region size 1024K, 7 young (7168K), 7 survivors (7168K)
 Metaspace       used 35457K, capacity 35913K, committed 36048K, reserved 1081344K
  class space    used 4343K, capacity 4538K, committed 4604K, reserved 1048576K
}
Event: 4.688 GC heap before
{Heap before GC invocations=6 (full 0):
 garbage-first heap   total 126976K, used 58374K [0x0000000084200000, 0x0000000100000000)
  region size 1024K, 44 young (45056K), 7 survivors (7168K)
 Metaspace       used 43413K, capacity 43879K, committed 43984K, reserved 1087488K
  class space    used 5111K, capacity 5292K, committed 5372K, reserved 1048576K
}

